#
# A fatal error has been detected by the Java Runtime Environment:
#
#  EXCEPTION_ACCESS_VIOLATION (0xc0000005) at pc=0x76ce6fd9, pid=5108, tid=0x00001038
#
# JRE version: Java(TM) SE Runtime Environment (8.0_192-b12) (build 1.8.0_192-b12)
# Java VM: Java HotSpot(TM) Client VM (25.192-b12 mixed mode windows-x86 )
# Problematic frame:
# C  [SHCORE.DLL+0x6fd9]
#
# Failed to write core dump. Minidumps are not enabled by default on client versions of Windows
#
# If you would like to submit a bug report, please visit:
#   http://bugreport.java.com/bugreport/crash.jsp
# The crash happened outside the Java Virtual Machine in native code.
# See problematic frame for where to report the bug.
#

---------------  T H R E A D  ---------------

Current thread (0x14fa8400):  JavaThread "JavaFX Application Thread" [_thread_in_native, id=4152, stack(0x14ee0000,0x14f30000)]

siginfo: ExceptionCode=0xc0000005, reading address 0x10693aea

Registers:
EAX=0x170c8bc0, EBX=0x14f2b484, ECX=0x10693aea, EDX=0x14f2b434
ESP=0x14f2b410, EBP=0x14f2b420, ESI=0x14f2b450, EDI=0x1acb3680
EIP=0x76ce6fd9, EFLAGS=0x00010206

Top of Stack: (sp=0x14f2b410)
0x14f2b410:   170c8bc0 76ce7008 14f2b434 1acb368c
0x14f2b420:   14f2b468 759b480a 170c8bc0 759604a4
0x14f2b430:   75960540 14f2b450 1acb3680 1acb368c
0x14f2b440:   00000000 00000000 14f2b488 1acb368c
0x14f2b450:   00000000 59e300d0 14f2b530 7737f00d
0x14f2b460:   1acb3680 7fc34a66 14f2b494 759b4555
0x14f2b470:   14f2b484 14f2b488 00000000 00000001
0x14f2b480:   00008000 00000000 00000000 7fc34a8a 

Instructions: (pc=0x76ce6fd9)
0x76ce6fb9:   45 08 56 8b 75 14 c7 06 00 00 00 00 85 c0 0f 84
0x76ce6fc9:   88 03 00 00 8b 08 8d 55 14 52 68 08 70 ce 76 50
0x76ce6fd9:   ff 11 85 c0 0f 88 72 03 00 00 8b 45 14 56 ff 75
0x76ce6fe9:   10 ff 75 0c 8b 08 50 ff 51 0c 8b f0 8b 45 14 50 


Register to memory mapping:

EAX=0x170c8bc0 is an unknown value
EBX=0x14f2b484 is pointing into the stack for thread: 0x14fa8400
ECX=0x10693aea is an unallocated location in the heap
EDX=0x14f2b434 is pointing into the stack for thread: 0x14fa8400
ESP=0x14f2b410 is pointing into the stack for thread: 0x14fa8400
EBP=0x14f2b420 is pointing into the stack for thread: 0x14fa8400
ESI=0x14f2b450 is pointing into the stack for thread: 0x14fa8400
EDI=0x1acb3680 is an unknown value


Stack: [0x14ee0000,0x14f30000],  sp=0x14f2b410,  free space=301k
Native frames: (J=compiled Java code, j=interpreted, Vv=VM code, C=native code)
C  [SHCORE.DLL+0x6fd9]
C  [SHELL32.dll+0xa480a]
C  [SHELL32.dll+0xa4555]
C  [USER32.dll+0x75b3]
C  [USER32.dll+0x77b8]
C  [USER32.dll+0x79e6]
C  [USER32.dll+0x2145e]
C  [USER32.dll+0x2ca82]
C  [USER32.dll+0x74c4c]
C  [USER32.dll+0x72b29]
C  [USER32.dll+0x74d49]
C  0x5100999f
C  0x50dc36d0
C  0x50dc587b
C  0x50db3371
C  0x50db385a
C  0x50db8d6b
C  [GDI32.dll+0x55a6e]
C  [USER32.dll+0x2adb7]
C  [ntdll.dll+0x6c9a6]
C  0x57c5ea84
C  0x00000000
C  0x00000000
C  0x00000000
C  0x00000000
C  0x00000000
C  0x00000000
C  0x00000000
C  0x00000000
C  0x00000000
C  0x00000000
C  0x00000000
C  0x00000000
C  0x00000000
C  0x00000000
C  0x00000000
C  0x00000000
C  0x00000000
C  0x00000000
C  0x00000000
C  0x00000000
C  0x00000000
C  0x00000000
C  0x00000000
C  0x00000000
C  0x00000000
C  0x00000000
C  0x00000000
C  0x00000000
C  0x00000000
C  0x00000000
C  0x00000000
C  0x00000000
C  0x00000000
C  0x00000000
C  0x00000000
C  0x00000000
C  0x00000000
C  0x00000000
C  0x00000000
C  0x00000000
C  0x00000000
C  0x00000000
C  0x00000000
C  0x00000000
C  0x00000000
C  0x00000000
C  0x00000000
C  0x00000000
C  0x00000000
C  0x00000000
C  0x00000000
C  0x00000000
C  0x00000000
C  0x00000000
C  0x00000000
C  0x00000000
C  0x00000000
C  0x00000000
C  0x00000000
C  0x00000000
C  0x00000000
C  0x00000000
C  0x00000000
C  0x00000000
C  0x00000000
C  0x00000000
C  0x00000000
C  0x00000000
C  0x00000000
C  0x00000000
C  0x00000000
C  0x00000000
C  0x00000000
C  0x00000000
C  0x00000000
C  0x00000000
C  0x00000000
C  0x00000000
C  0x00000000
...<more frames>...

Java frames: (J=compiled Java code, j=interpreted, Vv=VM code)
j  sun.awt.windows.WPrinterJob._startDoc(Ljava/lang/String;Ljava/lang/String;)Z+0
j  sun.awt.windows.WPrinterJob.startDoc()V+9
j  sun.print.RasterPrinterJob.print(Ljavax/print/attribute/PrintRequestAttributeSet;)V+330
j  javax.swing.text.JTextComponent$2.call()Ljava/lang/Object;+8
J 1089 C1 java.util.concurrent.FutureTask.run()V (126 bytes) @ 0x02186ea2 [0x02186e10+0x92]
j  javax.swing.text.AbstractDocument.render(Ljava/lang/Runnable;)V+5
j  javax.swing.text.JTextComponent$3.run()V+118
j  javax.swing.text.JTextComponent.print(Ljava/text/MessageFormat;Ljava/text/MessageFormat;ZLjavax/print/PrintService;Ljavax/print/attribute/PrintRequestAttributeSet;Z)Z+172
j  sample.Controller.sortAll(Ljava/lang/String;)V+283
j  sample.Controller.sortAll(Ljava/lang/String;)V+328
j  sample.Controller.printButton()V+59
v  ~StubRoutines::call_stub
j  sun.reflect.NativeMethodAccessorImpl.invoke0(Ljava/lang/reflect/Method;Ljava/lang/Object;[Ljava/lang/Object;)Ljava/lang/Object;+0
j  sun.reflect.NativeMethodAccessorImpl.invoke(Ljava/lang/Object;[Ljava/lang/Object;)Ljava/lang/Object;+100
j  sun.reflect.DelegatingMethodAccessorImpl.invoke(Ljava/lang/Object;[Ljava/lang/Object;)Ljava/lang/Object;+6
j  java.lang.reflect.Method.invoke(Ljava/lang/Object;[Ljava/lang/Object;)Ljava/lang/Object;+56
j  sun.reflect.misc.Trampoline.invoke(Ljava/lang/reflect/Method;Ljava/lang/Object;[Ljava/lang/Object;)Ljava/lang/Object;+7
j  sun.reflect.GeneratedMethodAccessor1.invoke(Ljava/lang/Object;[Ljava/lang/Object;)Ljava/lang/Object;+40
j  sun.reflect.DelegatingMethodAccessorImpl.invoke(Ljava/lang/Object;[Ljava/lang/Object;)Ljava/lang/Object;+6
j  java.lang.reflect.Method.invoke(Ljava/lang/Object;[Ljava/lang/Object;)Ljava/lang/Object;+56
j  sun.reflect.misc.MethodUtil.invoke(Ljava/lang/reflect/Method;Ljava/lang/Object;[Ljava/lang/Object;)Ljava/lang/Object;+20
j  javafx.fxml.FXMLLoader$MethodHandler.invoke([Ljava/lang/Object;)V+38
j  javafx.fxml.FXMLLoader$ControllerMethodEventHandler.handle(Ljavafx/event/Event;)V+12
J 875 C1 com.sun.javafx.event.CompositeEventHandler.dispatchBubblingEvent(Ljavafx/event/Event;)V (57 bytes) @ 0x02148b55 [0x02148ab0+0xa5]
J 765 C1 com.sun.javafx.event.EventHandlerManager.dispatchBubblingEvent(Ljavafx/event/Event;)Ljavafx/event/Event; (23 bytes) @ 0x021277f5 [0x02127710+0xe5]
j  com.sun.javafx.event.CompositeEventDispatcher.dispatchBubblingEvent(Ljavafx/event/Event;)Ljavafx/event/Event;+11
J 804 C1 com.sun.javafx.event.BasicEventDispatcher.dispatchEvent(Ljavafx/event/Event;Ljavafx/event/EventDispatchChain;)Ljavafx/event/Event; (44 bytes) @ 0x021314c9 [0x02131430+0x99]
J 770 C1 com.sun.javafx.event.EventDispatchChainImpl.dispatchEvent(Ljavafx/event/Event;)Ljavafx/event/Event; (101 bytes) @ 0x02128625 [0x02128590+0x95]
J 804 C1 com.sun.javafx.event.BasicEventDispatcher.dispatchEvent(Ljavafx/event/Event;Ljavafx/event/EventDispatchChain;)Ljavafx/event/Event; (44 bytes) @ 0x021314a8 [0x02131430+0x78]
J 770 C1 com.sun.javafx.event.EventDispatchChainImpl.dispatchEvent(Ljavafx/event/Event;)Ljavafx/event/Event; (101 bytes) @ 0x02128625 [0x02128590+0x95]
J 804 C1 com.sun.javafx.event.BasicEventDispatcher.dispatchEvent(Ljavafx/event/Event;Ljavafx/event/EventDispatchChain;)Ljavafx/event/Event; (44 bytes) @ 0x021314a8 [0x02131430+0x78]
J 770 C1 com.sun.javafx.event.EventDispatchChainImpl.dispatchEvent(Ljavafx/event/Event;)Ljavafx/event/Event; (101 bytes) @ 0x02128625 [0x02128590+0x95]
J 804 C1 com.sun.javafx.event.BasicEventDispatcher.dispatchEvent(Ljavafx/event/Event;Ljavafx/event/EventDispatchChain;)Ljavafx/event/Event; (44 bytes) @ 0x021314a8 [0x02131430+0x78]
J 770 C1 com.sun.javafx.event.EventDispatchChainImpl.dispatchEvent(Ljavafx/event/Event;)Ljavafx/event/Event; (101 bytes) @ 0x02128625 [0x02128590+0x95]
J 804 C1 com.sun.javafx.event.BasicEventDispatcher.dispatchEvent(Ljavafx/event/Event;Ljavafx/event/EventDispatchChain;)Ljavafx/event/Event; (44 bytes) @ 0x021314a8 [0x02131430+0x78]
J 770 C1 com.sun.javafx.event.EventDispatchChainImpl.dispatchEvent(Ljavafx/event/Event;)Ljavafx/event/Event; (101 bytes) @ 0x02128625 [0x02128590+0x95]
j  com.sun.javafx.event.EventUtil.fireEventImpl(Ljavafx/event/EventDispatchChain;Ljavafx/event/EventTarget;Ljavafx/event/Event;)Ljavafx/event/Event;+10
j  com.sun.javafx.event.EventUtil.fireEvent(Ljavafx/event/EventTarget;Ljavafx/event/Event;)Ljavafx/event/Event;+37
j  javafx.event.Event.fireEvent(Ljavafx/event/EventTarget;Ljavafx/event/Event;)V+30
j  javafx.scene.Node.fireEvent(Ljavafx/event/Event;)V+86
j  javafx.scene.control.Button.fire()V+15
j  com.sun.javafx.scene.control.behavior.ButtonBehavior.mouseReleased(Ljavafx/scene/input/MouseEvent;)V+23
j  com.sun.javafx.scene.control.skin.BehaviorSkinBase$1.handle(Ljavafx/scene/input/MouseEvent;)V+83
j  com.sun.javafx.scene.control.skin.BehaviorSkinBase$1.handle(Ljavafx/event/Event;)V+5
j  com.sun.javafx.event.CompositeEventHandler$NormalEventHandlerRecord.handleBubblingEvent(Ljavafx/event/Event;)V+5
J 875 C1 com.sun.javafx.event.CompositeEventHandler.dispatchBubblingEvent(Ljavafx/event/Event;)V (57 bytes) @ 0x02148b19 [0x02148ab0+0x69]
J 765 C1 com.sun.javafx.event.EventHandlerManager.dispatchBubblingEvent(Ljavafx/event/Event;)Ljavafx/event/Event; (23 bytes) @ 0x021277f5 [0x02127710+0xe5]
j  com.sun.javafx.event.CompositeEventDispatcher.dispatchBubblingEvent(Ljavafx/event/Event;)Ljavafx/event/Event;+11
J 804 C1 com.sun.javafx.event.BasicEventDispatcher.dispatchEvent(Ljavafx/event/Event;Ljavafx/event/EventDispatchChain;)Ljavafx/event/Event; (44 bytes) @ 0x021314c9 [0x02131430+0x99]
J 770 C1 com.sun.javafx.event.EventDispatchChainImpl.dispatchEvent(Ljavafx/event/Event;)Ljavafx/event/Event; (101 bytes) @ 0x02128625 [0x02128590+0x95]
J 804 C1 com.sun.javafx.event.BasicEventDispatcher.dispatchEvent(Ljavafx/event/Event;Ljavafx/event/EventDispatchChain;)Ljavafx/event/Event; (44 bytes) @ 0x021314a8 [0x02131430+0x78]
J 770 C1 com.sun.javafx.event.EventDispatchChainImpl.dispatchEvent(Ljavafx/event/Event;)Ljavafx/event/Event; (101 bytes) @ 0x02128625 [0x02128590+0x95]
J 804 C1 com.sun.javafx.event.BasicEventDispatcher.dispatchEvent(Ljavafx/event/Event;Ljavafx/event/EventDispatchChain;)Ljavafx/event/Event; (44 bytes) @ 0x021314a8 [0x02131430+0x78]
J 770 C1 com.sun.javafx.event.EventDispatchChainImpl.dispatchEvent(Ljavafx/event/Event;)Ljavafx/event/Event; (101 bytes) @ 0x02128625 [0x02128590+0x95]
J 804 C1 com.sun.javafx.event.BasicEventDispatcher.dispatchEvent(Ljavafx/event/Event;Ljavafx/event/EventDispatchChain;)Ljavafx/event/Event; (44 bytes) @ 0x021314a8 [0x02131430+0x78]
J 770 C1 com.sun.javafx.event.EventDispatchChainImpl.dispatchEvent(Ljavafx/event/Event;)Ljavafx/event/Event; (101 bytes) @ 0x02128625 [0x02128590+0x95]
J 804 C1 com.sun.javafx.event.BasicEventDispatcher.dispatchEvent(Ljavafx/event/Event;Ljavafx/event/EventDispatchChain;)Ljavafx/event/Event; (44 bytes) @ 0x021314a8 [0x02131430+0x78]
J 770 C1 com.sun.javafx.event.EventDispatchChainImpl.dispatchEvent(Ljavafx/event/Event;)Ljavafx/event/Event; (101 bytes) @ 0x02128625 [0x02128590+0x95]
j  com.sun.javafx.event.EventUtil.fireEventImpl(Ljavafx/event/EventDispatchChain;Ljavafx/event/EventTarget;Ljavafx/event/Event;)Ljavafx/event/Event;+10
j  com.sun.javafx.event.EventUtil.fireEvent(Ljavafx/event/EventTarget;Ljavafx/event/Event;)Ljavafx/event/Event;+46
j  javafx.event.Event.fireEvent(Ljavafx/event/EventTarget;Ljavafx/event/Event;)V+30
j  javafx.scene.Scene$MouseHandler.process(Ljavafx/scene/input/MouseEvent;Z)V+491
j  javafx.scene.Scene$MouseHandler.access$1500(Ljavafx/scene/Scene$MouseHandler;Ljavafx/scene/input/MouseEvent;Z)V+3
j  javafx.scene.Scene.impl_processMouseEvent(Ljavafx/scene/input/MouseEvent;)V+6
j  javafx.scene.Scene$ScenePeerListener.mouseEvent(Ljavafx/event/EventType;DDDDLjavafx/scene/input/MouseButton;ZZZZZZZZZ)V+46
j  com.sun.javafx.tk.quantum.GlassViewEventHandler$MouseEventNotification.run()Ljava/lang/Void;+571
j  com.sun.javafx.tk.quantum.GlassViewEventHandler$MouseEventNotification.run()Ljava/lang/Object;+1
v  ~StubRoutines::call_stub
J 1171  java.security.AccessController.doPrivileged(Ljava/security/PrivilegedAction;Ljava/security/AccessControlContext;)Ljava/lang/Object; (0 bytes) @ 0x021a0bb7 [0x021a0b50+0x67]
j  com.sun.javafx.tk.quantum.GlassViewEventHandler.lambda$handleMouseEvent$353()Ljava/lang/Void;+11
j  com.sun.javafx.tk.quantum.GlassViewEventHandler$$Lambda$237.get()Ljava/lang/Object;+4
j  com.sun.javafx.tk.quantum.QuantumToolkit.runWithoutRenderLock(Ljava/util/function/Supplier;)Ljava/lang/Object;+18
j  com.sun.javafx.tk.quantum.GlassViewEventHandler.handleMouseEvent(Lcom/sun/glass/ui/View;JIIIIIIIZZ)V+103
j  com.sun.glass.ui.View.handleMouseEvent(JIIIIIIIZZ)V+30
j  com.sun.glass.ui.View.notifyMouse(IIIIIIIZZ)V+181
v  ~StubRoutines::call_stub
j  com.sun.glass.ui.win.WinApplication._runLoop(Ljava/lang/Runnable;)V+0
j  com.sun.glass.ui.win.WinApplication.lambda$null$147(ILjava/lang/Runnable;)V+8
j  com.sun.glass.ui.win.WinApplication$$Lambda$37.run()V+12
j  java.lang.Thread.run()V+11
v  ~StubRoutines::call_stub

---------------  P R O C E S S  ---------------

Java Threads: ( => current thread )
  0x1a263c00 JavaThread "SwingWorker-pool-3-thread-1" daemon [_thread_blocked, id=3560, stack(0x19410000,0x19460000)]
  0x1a264000 JavaThread "TimerQueue" daemon [_thread_blocked, id=4240, stack(0x1b1b0000,0x1b200000)]
  0x1524d400 JavaThread "Swing-Shell" daemon [_thread_blocked, id=868, stack(0x19180000,0x191d0000)]
  0x14563400 JavaThread "AWT-Windows" daemon [_thread_in_native, id=2620, stack(0x199b0000,0x19a00000)]
  0x1525b000 JavaThread "Java2D Disposer" daemon [_thread_blocked, id=4468, stack(0x19120000,0x19170000)]
  0x1522a000 JavaThread "Thread-4" daemon [_thread_in_native, id=5324, stack(0x18fd0000,0x19020000)]
  0x151dd000 JavaThread "Prism Font Disposer" daemon [_thread_blocked, id=5884, stack(0x18480000,0x184d0000)]
  0x14fc5000 JavaThread "Thread-3" daemon [_thread_in_native, id=1160, stack(0x154a0000,0x154f0000)]
  0x14ff5400 JavaThread "JavaFX-Launcher" [_thread_blocked, id=3136, stack(0x16930000,0x16980000)]
=>0x14fa8400 JavaThread "JavaFX Application Thread" [_thread_in_native, id=4152, stack(0x14ee0000,0x14f30000)]
  0x14646400 JavaThread "Thread-1" daemon [_thread_blocked, id=5496, stack(0x14e90000,0x14ee0000)]
  0x1461c800 JavaThread "QuantumRenderer-0" daemon [_thread_blocked, id=1760, stack(0x14d30000,0x14d80000)]
  0x144c5400 JavaThread "Service Thread" daemon [_thread_blocked, id=5432, stack(0x14c90000,0x14ce0000)]
  0x144a9c00 JavaThread "C1 CompilerThread0" daemon [_thread_blocked, id=4776, stack(0x14c40000,0x14c90000)]
  0x144a3400 JavaThread "JDWP Command Reader" daemon [_thread_in_native, id=5948, stack(0x148e0000,0x14930000)]
  0x1449d000 JavaThread "JDWP Event Helper Thread" daemon [_thread_blocked, id=3100, stack(0x14890000,0x148e0000)]
  0x14493800 JavaThread "JDWP Transport Listener: dt_socket" daemon [_thread_blocked, id=4840, stack(0x14840000,0x14890000)]
  0x1449a000 JavaThread "Attach Listener" daemon [_thread_blocked, id=4904, stack(0x03fb0000,0x04000000)]
  0x14498000 JavaThread "Signal Dispatcher" daemon [_thread_blocked, id=3596, stack(0x03f60000,0x03fb0000)]
  0x1447c800 JavaThread "Finalizer" daemon [_thread_blocked, id=1948, stack(0x01f00000,0x01f50000)]
  0x14476800 JavaThread "Reference Handler" daemon [_thread_blocked, id=3016, stack(0x01d30000,0x01d80000)]
  0x01f5cc00 JavaThread "main" [_thread_blocked, id=672, stack(0x00f20000,0x00f70000)]

Other Threads:
  0x01cce000 VMThread [stack: 0x01cd0000,0x01d20000] [id=2300]
  0x144d0000 WatcherThread [stack: 0x14ce0000,0x14d30000] [id=5736]

VM state:not at safepoint (normal execution)

VM Mutex/Monitor currently owned by a thread: None

Heap:
 def new generation   total 6272K, used 1120K [0x04000000, 0x046c0000, 0x09550000)
  eden space 5632K,   8% used [0x04000000, 0x040782d8, 0x04580000)
  from space 640K, 100% used [0x04580000, 0x04620000, 0x04620000)
  to   space 640K,   0% used [0x04620000, 0x04620000, 0x046c0000)
 tenured generation   total 13680K, used 10433K [0x09550000, 0x0a2ac000, 0x14000000)
   the space 13680K,  76% used [0x09550000, 0x09f806c8, 0x09f80800, 0x0a2ac000)
 Metaspace       used 16998K, capacity 17742K, committed 17920K, reserved 18816K

Card table byte_map: [0x01e10000,0x01ea0000] byte_map_base: 0x01df0000

Polling page: 0x00f70000

CodeCache: size=32768Kb used=2746Kb max_used=2746Kb free=30021Kb
 bounds [0x01f60000, 0x02210000, 0x03f60000]
 total_blobs=1916 nmethods=1470 adapters=385
 compilation: enabled

Compilation events (10 events):
Event: 50.037 Thread 0x144a9c00 1479             com.sun.javafx.geom.transform.AffineBase::<init> (5 bytes)
Event: 50.037 Thread 0x144a9c00 nmethod 1479 0x0220d388 code [0x0220d480, 0x0220d500]
Event: 50.044 Thread 0x144a9c00 1480             com.sun.scenario.effect.impl.state.BoxRenderState::getInputKernelSize (65 bytes)
Event: 50.044 Thread 0x144a9c00 nmethod 1480 0x0220d588 code [0x0220d6b0, 0x0220d81c]
Event: 50.047 Thread 0x144a9c00 1481             com.sun.javafx.geom.transform.AffineBase::is2D (24 bytes)
Event: 50.048 Thread 0x144a9c00 nmethod 1481 0x0220d8c8 code [0x0220d9d0, 0x0220dad4]
Event: 50.050 Thread 0x144a9c00 1482             com.sun.javafx.geom.transform.Affine3D::transform (352 bytes)
Event: 50.051 Thread 0x144a9c00 nmethod 1482 0x0220db88 code [0x0220de00, 0x0220e550]
Event: 50.051 Thread 0x144a9c00 1483             com.sun.javafx.geom.transform.AffineBase::transform (34 bytes)
Event: 50.051 Thread 0x144a9c00 nmethod 1483 0x0220eb08 code [0x0220ec40, 0x0220ed98]

GC Heap History (10 events):
Event: 6.746 GC heap before
{Heap before GC invocations=6 (full 0):
 def new generation   total 4928K, used 4790K [0x04000000, 0x04550000, 0x09550000)
  eden space 4416K, 100% used [0x04000000, 0x04450000, 0x04450000)
  from space 512K,  73% used [0x04450000, 0x044ad8e0, 0x044d0000)
  to   space 512K,   0% used [0x044d0000, 0x044d0000, 0x04550000)
 tenured generation   total 10944K, used 3689K [0x09550000, 0x0a000000, 0x14000000)
   the space 10944K,  33% used [0x09550000, 0x098ea770, 0x098ea800, 0x0a000000)
 Metaspace       used 9875K, capacity 10496K, committed 10624K, reserved 10624K
Event: 6.757 GC heap after
Heap after GC invocations=7 (full 0):
 def new generation   total 4928K, used 512K [0x04000000, 0x04550000, 0x09550000)
  eden space 4416K,   0% used [0x04000000, 0x04000000, 0x04450000)
  from space 512K, 100% used [0x044d0000, 0x04550000, 0x04550000)
  to   space 512K,   0% used [0x04450000, 0x04450000, 0x044d0000)
 tenured generation   total 10944K, used 4255K [0x09550000, 0x0a000000, 0x14000000)
   the space 10944K,  38% used [0x09550000, 0x09977e78, 0x09978000, 0x0a000000)
 Metaspace       used 9875K, capacity 10496K, committed 10624K, reserved 10624K
}
Event: 7.000 GC heap before
{Heap before GC invocations=7 (full 0):
 def new generation   total 4928K, used 4928K [0x04000000, 0x04550000, 0x09550000)
  eden space 4416K, 100% used [0x04000000, 0x04450000, 0x04450000)
  from space 512K, 100% used [0x044d0000, 0x04550000, 0x04550000)
  to   space 512K,   0% used [0x04450000, 0x04450000, 0x044d0000)
 tenured generation   total 10944K, used 4255K [0x09550000, 0x0a000000, 0x14000000)
   the space 10944K,  38% used [0x09550000, 0x09977e78, 0x09978000, 0x0a000000)
 Metaspace       used 10212K, capacity 10822K, committed 10880K, reserved 11648K
Event: 7.012 GC heap after
Heap after GC invocations=8 (full 0):
 def new generation   total 4928K, used 121K [0x04000000, 0x04550000, 0x09550000)
  eden space 4416K,   0% used [0x04000000, 0x04000000, 0x04450000)
  from space 512K,  23% used [0x04450000, 0x0446e648, 0x044d0000)
  to   space 512K,   0% used [0x044d0000, 0x044d0000, 0x04550000)
 tenured generation   total 10944K, used 7829K [0x09550000, 0x0a000000, 0x14000000)
   the space 10944K,  71% used [0x09550000, 0x09cf57b0, 0x09cf5800, 0x0a000000)
 Metaspace       used 10212K, capacity 10822K, committed 10880K, reserved 11648K
}
Event: 16.548 GC heap before
{Heap before GC invocations=8 (full 0):
 def new generation   total 4928K, used 2974K [0x04000000, 0x04550000, 0x09550000)
  eden space 4416K,  64% used [0x04000000, 0x042c9280, 0x04450000)
  from space 512K,  23% used [0x04450000, 0x0446e648, 0x044d0000)
  to   space 512K,   0% used [0x044d0000, 0x044d0000, 0x04550000)
 tenured generation   total 10944K, used 7829K [0x09550000, 0x0a000000, 0x14000000)
   the space 10944K,  71% used [0x09550000, 0x09cf57b0, 0x09cf5800, 0x0a000000)
 Metaspace       used 11594K, capacity 12243K, committed 12288K, reserved 12672K
Event: 16.582 GC heap after
Heap after GC invocations=9 (full 1):
 def new generation   total 6272K, used 0K [0x04000000, 0x046c0000, 0x09550000)
  eden space 5632K,   0% used [0x04000000, 0x04000000, 0x04580000)
  from space 640K,   0% used [0x04580000, 0x04580000, 0x04620000)
  to   space 640K,   0% used [0x04620000, 0x04620000, 0x046c0000)
 tenured generation   total 13680K, used 8207K [0x09550000, 0x0a2ac000, 0x14000000)
   the space 13680K,  59% used [0x09550000, 0x09d53ce0, 0x09d53e00, 0x0a2ac000)
 Metaspace       used 11594K, capacity 12243K, committed 12288K, reserved 12672K
}
Event: 39.932 GC heap before
{Heap before GC invocations=9 (full 1):
 def new generation   total 6272K, used 5632K [0x04000000, 0x046c0000, 0x09550000)
  eden space 5632K, 100% used [0x04000000, 0x04580000, 0x04580000)
  from space 640K,   0% used [0x04580000, 0x04580000, 0x04620000)
  to   space 640K,   0% used [0x04620000, 0x04620000, 0x046c0000)
 tenured generation   total 13680K, used 8207K [0x09550000, 0x0a2ac000, 0x14000000)
   the space 13680K,  59% used [0x09550000, 0x09d53ce0, 0x09d53e00, 0x0a2ac000)
 Metaspace       used 15536K, capacity 16227K, committed 16384K, reserved 16768K
Event: 39.945 GC heap after
Heap after GC invocations=10 (full 1):
 def new generation   total 6272K, used 640K [0x04000000, 0x046c0000, 0x09550000)
  eden space 5632K,   0% used [0x04000000, 0x04000000, 0x04580000)
  from space 640K, 100% used [0x04620000, 0x046c0000, 0x046c0000)
  to   space 640K,   0% used [0x04580000, 0x04580000, 0x04620000)
 tenured generation   total 13680K, used 9311K [0x09550000, 0x0a2ac000, 0x14000000)
   the space 13680K,  68% used [0x09550000, 0x09e67ee0, 0x09e68000, 0x0a2ac000)
 Metaspace       used 15536K, capacity 16227K, committed 16384K, reserved 16768K
}
Event: 47.626 GC heap before
{Heap before GC invocations=10 (full 1):
 def new generation   total 6272K, used 6272K [0x04000000, 0x046c0000, 0x09550000)
  eden space 5632K, 100% used [0x04000000, 0x04580000, 0x04580000)
  from space 640K, 100% used [0x04620000, 0x046c0000, 0x046c0000)
  to   space 640K,   0% used [0x04580000, 0x04580000, 0x04620000)
 tenured generation   total 13680K, used 9311K [0x09550000, 0x0a2ac000, 0x14000000)
   the space 13680K,  68% used [0x09550000, 0x09e67ee0, 0x09e68000, 0x0a2ac000)
 Metaspace       used 16964K, capacity 17700K, committed 17792K, reserved 17792K
Event: 47.641 GC heap after
Heap after GC invocations=11 (full 1):
 def new generation   total 6272K, used 640K [0x04000000, 0x046c0000, 0x09550000)
  eden space 5632K,   0% used [0x04000000, 0x04000000, 0x04580000)
  from space 640K, 100% used [0x04580000, 0x04620000, 0x04620000)
  to   space 640K,   0% used [0x04620000, 0x04620000, 0x046c0000)
 tenured generation   total 13680K, used 10433K [0x09550000, 0x0a2ac000, 0x14000000)
   the space 13680K,  76% used [0x09550000, 0x09f806c8, 0x09f80800, 0x0a2ac000)
 Metaspace       used 16964K, capacity 17700K, committed 17792K, reserved 17792K
}

Deoptimization events (0 events):
No events

Classes redefined (0 events):
No events

Internal exceptions (10 events):
Event: 3.624 Thread 0x14fa8400 Exception <a 'java/lang/NullPointerException'> (0x04153568) thrown at [C:\re\workspace\8-2-build-windows-i586-cygwin\jdk8u192\11897\hotspot\src\share\vm\prims\jvm.cpp, line 1439]
Event: 4.351 Thread 0x14fa8400 Exception <a 'java/lang/ArrayIndexOutOfBoundsException'> (0x04228110) thrown at [C:\re\workspace\8-2-build-windows-i586-cygwin\jdk8u192\11897\hotspot\src\share\vm\runtime\sharedRuntime.cpp, line 605]
Event: 4.352 Thread 0x14fa8400 Exception <a 'java/lang/ArrayIndexOutOfBoundsException'> (0x04228ce0) thrown at [C:\re\workspace\8-2-build-windows-i586-cygwin\jdk8u192\11897\hotspot\src\share\vm\runtime\sharedRuntime.cpp, line 605]
Event: 4.353 Thread 0x14fa8400 Exception <a 'java/lang/ArrayIndexOutOfBoundsException'> (0x04229e48) thrown at [C:\re\workspace\8-2-build-windows-i586-cygwin\jdk8u192\11897\hotspot\src\share\vm\runtime\sharedRuntime.cpp, line 605]
Event: 4.424 Thread 0x14fa8400 Exception <a 'java/lang/ArrayIndexOutOfBoundsException'> (0x042a4ed0) thrown at [C:\re\workspace\8-2-build-windows-i586-cygwin\jdk8u192\11897\hotspot\src\share\vm\runtime\sharedRuntime.cpp, line 605]
Event: 4.482 Thread 0x14fa8400 Exception <a 'java/lang/ArrayIndexOutOfBoundsException'> (0x042f2dc0) thrown at [C:\re\workspace\8-2-build-windows-i586-cygwin\jdk8u192\11897\hotspot\src\share\vm\runtime\sharedRuntime.cpp, line 605]
Event: 4.741 Thread 0x14fa8400 Exception <a 'java/lang/ArrayIndexOutOfBoundsException'> (0x04051e68) thrown at [C:\re\workspace\8-2-build-windows-i586-cygwin\jdk8u192\11897\hotspot\src\share\vm\runtime\sharedRuntime.cpp, line 605]
Event: 8.238 Thread 0x14fa8400 Exception <a 'java/io/FileNotFoundException'> (0x04078c28) thrown at [C:\re\workspace\8-2-build-windows-i586-cygwin\jdk8u192\11897\hotspot\src\share\vm\prims\jni.cpp, line 709]
Event: 16.608 Thread 0x14fa8400 Exception <a 'java/io/FileNotFoundException'> (0x04030298) thrown at [C:\re\workspace\8-2-build-windows-i586-cygwin\jdk8u192\11897\hotspot\src\share\vm\prims\jni.cpp, line 709]
Event: 47.653 Thread 0x1a263c00 Exception <a 'java/lang/ArrayIndexOutOfBoundsException': 2> (0x0401d368) thrown at [C:\re\workspace\8-2-build-windows-i586-cygwin\jdk8u192\11897\hotspot\src\share\vm\interpreter\interpreterRuntime.cpp, line 368]

Events (10 events):
Event: 49.484 loading class com/sun/javafx/tk/quantum/WindowStage
Event: 49.484 loading class com/sun/javafx/tk/quantum/WindowStage done
Event: 49.485 loading class com/sun/prism/GraphicsResource
Event: 49.485 loading class com/sun/prism/GraphicsResource done
Event: 49.485 loading class com/sun/prism/GraphicsResource
Event: 49.485 loading class com/sun/prism/GraphicsResource done
Event: 49.486 loading class com/sun/javafx/tk/quantum/ViewScene
Event: 49.486 loading class com/sun/javafx/tk/quantum/ViewScene done
Event: 49.486 loading class com/sun/javafx/tk/quantum/WindowStage
Event: 49.487 loading class com/sun/javafx/tk/quantum/WindowStage done


Dynamic libraries:
0x00dc0000 - 0x00df3000 	C:\Program Files\Java\jdk1.8.0_192\bin\java.exe
0x779e0000 - 0x77b4a000 	C:\Windows\SYSTEM32\ntdll.dll
0x771c0000 - 0x772b9000 	C:\Windows\system32\KERNEL32.DLL
0x75530000 - 0x75602000 	C:\Windows\system32\KERNELBASE.dll
0x732b0000 - 0x73350000 	C:\Windows\system32\apphelp.dll
0x57e30000 - 0x58096000 	C:\Windows\AppPatch\AcGenral.DLL
0x76e10000 - 0x76ece000 	C:\Windows\system32\msvcrt.dll
0x77070000 - 0x770ae000 	C:\Windows\SYSTEM32\sechost.dll
0x752a0000 - 0x752c3000 	C:\Windows\SYSTEM32\SspiCli.dll
0x76ac0000 - 0x76b01000 	C:\Windows\system32\SHLWAPI.dll
0x74500000 - 0x745e1000 	C:\Windows\SYSTEM32\UxTheme.dll
0x77340000 - 0x7748b000 	C:\Windows\system32\USER32.dll
0x770b0000 - 0x771ba000 	C:\Windows\system32\GDI32.dll
0x71d70000 - 0x71d90000 	C:\Windows\SYSTEM32\WINMM.dll
0x70910000 - 0x70922000 	C:\Windows\SYSTEM32\samcli.dll
0x77490000 - 0x775b9000 	C:\Windows\system32\ole32.dll
0x776e0000 - 0x77767000 	C:\Windows\system32\OLEAUT32.dll
0x68bc0000 - 0x68bd5000 	C:\Windows\SYSTEM32\MSACM32.dll
0x71d60000 - 0x71d68000 	C:\Windows\SYSTEM32\VERSION.dll
0x75910000 - 0x76abd000 	C:\Windows\system32\SHELL32.dll
0x74bf0000 - 0x74c09000 	C:\Windows\SYSTEM32\USERENV.dll
0x740d0000 - 0x740e8000 	C:\Windows\SYSTEM32\dwmapi.dll
0x71d90000 - 0x71eb2000 	C:\Windows\SYSTEM32\urlmon.dll
0x772c0000 - 0x77338000 	C:\Windows\system32\ADVAPI32.dll
0x704b0000 - 0x7050e000 	C:\Windows\SYSTEM32\WINSPOOL.DRV
0x70320000 - 0x70334000 	C:\Windows\SYSTEM32\MPR.dll
0x77770000 - 0x77834000 	C:\Windows\system32\RPCRT4.dll
0x76f20000 - 0x7706e000 	C:\Windows\SYSTEM32\combase.dll
0x71960000 - 0x71980000 	C:\Windows\SYSTEM32\WINMMBASE.dll
0x75420000 - 0x7542e000 	C:\Windows\SYSTEM32\profapi.dll
0x71980000 - 0x71b99000 	C:\Windows\SYSTEM32\iertutil.dll
0x71ba0000 - 0x71d5d000 	C:\Windows\SYSTEM32\WININET.dll
0x75610000 - 0x7564a000 	C:\Windows\SYSTEM32\cfgmgr32.dll
0x745f0000 - 0x7460f000 	C:\Windows\SYSTEM32\DEVOBJ.dll
0x76ce0000 - 0x76d56000 	C:\Windows\system32\SHCORE.DLL
0x76d60000 - 0x76d85000 	C:\Windows\system32\IMM32.DLL
0x775e0000 - 0x776d7000 	C:\Windows\system32\MSCTF.dll
0x73ee0000 - 0x740c6000 	C:\Windows\WinSxS\x86_microsoft.windows.common-controls_6595b64144ccf1df_6.0.9600.17031_none_a9efdb8b01377ea7\COMCTL32.dll
0x59e70000 - 0x59f2f000 	C:\Program Files\Java\jdk1.8.0_192\jre\bin\msvcr100.dll
0x57260000 - 0x57635000 	C:\Program Files\Java\jdk1.8.0_192\jre\bin\client\jvm.dll
0x6c570000 - 0x6c578000 	C:\Windows\SYSTEM32\WSOCK32.dll
0x76b10000 - 0x76b16000 	C:\Windows\system32\PSAPI.DLL
0x77840000 - 0x7788d000 	C:\Windows\system32\WS2_32.dll
0x75900000 - 0x75907000 	C:\Windows\system32\NSI.dll
0x66950000 - 0x6695c000 	C:\Program Files\Java\jdk1.8.0_192\jre\bin\verify.dll
0x63240000 - 0x63262000 	C:\Program Files\Java\jdk1.8.0_192\jre\bin\java.dll
0x6a890000 - 0x6a8bb000 	C:\Program Files\Java\jdk1.8.0_192\jre\bin\jdwp.dll
0x6a880000 - 0x6a887000 	C:\Program Files\Java\jdk1.8.0_192\jre\bin\npt.dll
0x63290000 - 0x632a4000 	C:\Program Files\Java\jdk1.8.0_192\jre\bin\zip.dll
0x6a870000 - 0x6a878000 	C:\Program Files\Java\jdk1.8.0_192\jre\bin\dt_socket.dll
0x706c0000 - 0x706d0000 	C:\Windows\system32\napinsp.dll
0x706a0000 - 0x706b4000 	C:\Windows\system32\pnrpnsp.dll
0x72410000 - 0x72422000 	C:\Windows\system32\NLAapi.dll
0x74dd0000 - 0x74e15000 	C:\Windows\System32\mswsock.dll
0x74c40000 - 0x74cbe000 	C:\Windows\SYSTEM32\DNSAPI.dll
0x70690000 - 0x70699000 	C:\Windows\System32\winrnr.dll
0x706e0000 - 0x70701000 	C:\Program Files\Bonjour\mdnsNSP.dll
0x71ef0000 - 0x71f0e000 	C:\Windows\SYSTEM32\Iphlpapi.DLL
0x71ed0000 - 0x71ed8000 	C:\Windows\SYSTEM32\WINNSI.DLL
0x71410000 - 0x71456000 	C:\Windows\System32\fwpuclnt.dll
0x706d0000 - 0x706d7000 	C:\Windows\System32\rasadhlp.dll
0x6a860000 - 0x6a863000 	C:\Program Files\Java\jdk1.8.0_192\jre\bin\api-ms-win-core-console-l1-1-0.dll
0x6a850000 - 0x6a853000 	C:\Program Files\Java\jdk1.8.0_192\jre\bin\api-ms-win-core-datetime-l1-1-0.dll
0x69240000 - 0x69243000 	C:\Program Files\Java\jdk1.8.0_192\jre\bin\api-ms-win-core-debug-l1-1-0.dll
0x69230000 - 0x69233000 	C:\Program Files\Java\jdk1.8.0_192\jre\bin\api-ms-win-core-errorhandling-l1-1-0.dll
0x677c0000 - 0x677c4000 	C:\Program Files\Java\jdk1.8.0_192\jre\bin\api-ms-win-core-file-l1-1-0.dll
0x677b0000 - 0x677b3000 	C:\Program Files\Java\jdk1.8.0_192\jre\bin\api-ms-win-core-file-l1-2-0.dll
0x677a0000 - 0x677a3000 	C:\Program Files\Java\jdk1.8.0_192\jre\bin\api-ms-win-core-file-l2-1-0.dll
0x66ae0000 - 0x66ae3000 	C:\Program Files\Java\jdk1.8.0_192\jre\bin\api-ms-win-core-handle-l1-1-0.dll
0x66ad0000 - 0x66ad3000 	C:\Program Files\Java\jdk1.8.0_192\jre\bin\api-ms-win-core-heap-l1-1-0.dll
0x66ac0000 - 0x66ac3000 	C:\Program Files\Java\jdk1.8.0_192\jre\bin\api-ms-win-core-interlocked-l1-1-0.dll
0x66ab0000 - 0x66ab3000 	C:\Program Files\Java\jdk1.8.0_192\jre\bin\api-ms-win-core-libraryloader-l1-1-0.dll
0x62d50000 - 0x62d53000 	C:\Program Files\Java\jdk1.8.0_192\jre\bin\api-ms-win-core-localization-l1-2-0.dll
0x62d40000 - 0x62d43000 	C:\Program Files\Java\jdk1.8.0_192\jre\bin\api-ms-win-core-memory-l1-1-0.dll
0x62d30000 - 0x62d33000 	C:\Program Files\Java\jdk1.8.0_192\jre\bin\api-ms-win-core-namedpipe-l1-1-0.dll
0x62d20000 - 0x62d23000 	C:\Program Files\Java\jdk1.8.0_192\jre\bin\api-ms-win-core-processenvironment-l1-1-0.dll
0x62d10000 - 0x62d13000 	C:\Program Files\Java\jdk1.8.0_192\jre\bin\api-ms-win-core-processthreads-l1-1-0.dll
0x60e70000 - 0x60e73000 	C:\Program Files\Java\jdk1.8.0_192\jre\bin\api-ms-win-core-processthreads-l1-1-1.dll
0x60e00000 - 0x60e03000 	C:\Program Files\Java\jdk1.8.0_192\jre\bin\api-ms-win-core-profile-l1-1-0.dll
0x5d9b0000 - 0x5d9b3000 	C:\Program Files\Java\jdk1.8.0_192\jre\bin\api-ms-win-core-rtlsupport-l1-1-0.dll
0x5d9a0000 - 0x5d9a3000 	C:\Program Files\Java\jdk1.8.0_192\jre\bin\api-ms-win-core-string-l1-1-0.dll
0x5d420000 - 0x5d423000 	C:\Program Files\Java\jdk1.8.0_192\jre\bin\api-ms-win-core-synch-l1-1-0.dll
0x5d410000 - 0x5d413000 	C:\Program Files\Java\jdk1.8.0_192\jre\bin\api-ms-win-core-synch-l1-2-0.dll
0x5d400000 - 0x5d403000 	C:\Program Files\Java\jdk1.8.0_192\jre\bin\api-ms-win-core-sysinfo-l1-1-0.dll
0x5d3f0000 - 0x5d3f3000 	C:\Program Files\Java\jdk1.8.0_192\jre\bin\api-ms-win-core-timezone-l1-1-0.dll
0x5d3e0000 - 0x5d3e3000 	C:\Program Files\Java\jdk1.8.0_192\jre\bin\api-ms-win-core-util-l1-1-0.dll
0x5d3d0000 - 0x5d3d3000 	C:\Program Files\Java\jdk1.8.0_192\jre\bin\api-ms-win-crt-conio-l1-1-0.dll
0x5d3c0000 - 0x5d3c4000 	C:\Program Files\Java\jdk1.8.0_192\jre\bin\api-ms-win-crt-convert-l1-1-0.dll
0x5d3b0000 - 0x5d3b3000 	C:\Program Files\Java\jdk1.8.0_192\jre\bin\api-ms-win-crt-environment-l1-1-0.dll
0x5d3a0000 - 0x5d3a3000 	C:\Program Files\Java\jdk1.8.0_192\jre\bin\api-ms-win-crt-filesystem-l1-1-0.dll
0x5d390000 - 0x5d393000 	C:\Program Files\Java\jdk1.8.0_192\jre\bin\api-ms-win-crt-heap-l1-1-0.dll
0x5d380000 - 0x5d383000 	C:\Program Files\Java\jdk1.8.0_192\jre\bin\api-ms-win-crt-locale-l1-1-0.dll
0x5d370000 - 0x5d375000 	C:\Program Files\Java\jdk1.8.0_192\jre\bin\api-ms-win-crt-math-l1-1-0.dll
0x5d360000 - 0x5d365000 	C:\Program Files\Java\jdk1.8.0_192\jre\bin\api-ms-win-crt-multibyte-l1-1-0.dll
0x5d350000 - 0x5d360000 	C:\Program Files\Java\jdk1.8.0_192\jre\bin\api-ms-win-crt-private-l1-1-0.dll
0x5d340000 - 0x5d343000 	C:\Program Files\Java\jdk1.8.0_192\jre\bin\api-ms-win-crt-process-l1-1-0.dll
0x5d330000 - 0x5d334000 	C:\Program Files\Java\jdk1.8.0_192\jre\bin\api-ms-win-crt-runtime-l1-1-0.dll
0x5d320000 - 0x5d324000 	C:\Program Files\Java\jdk1.8.0_192\jre\bin\api-ms-win-crt-stdio-l1-1-0.dll
0x5cf80000 - 0x5cf84000 	C:\Program Files\Java\jdk1.8.0_192\jre\bin\api-ms-win-crt-string-l1-1-0.dll
0x5cf70000 - 0x5cf73000 	C:\Program Files\Java\jdk1.8.0_192\jre\bin\api-ms-win-crt-time-l1-1-0.dll
0x5cf60000 - 0x5cf63000 	C:\Program Files\Java\jdk1.8.0_192\jre\bin\api-ms-win-crt-utility-l1-1-0.dll
0x57d10000 - 0x57e28000 	C:\Program Files\Java\jdk1.8.0_192\jre\bin\ucrtbase.dll
0x5c240000 - 0x5c254000 	C:\Program Files\Java\jdk1.8.0_192\jre\bin\vcruntime140.dll
0x5bc20000 - 0x5bc8c000 	C:\Program Files\Java\jdk1.8.0_192\jre\bin\msvcp140.dll
0x5be00000 - 0x5be3b000 	C:\Program Files\Java\jdk1.8.0_192\jre\bin\concrt140.dll
0x59e50000 - 0x59e6f000 	C:\Program Files\Java\jdk1.8.0_192\jre\bin\prism_d3d.dll
0x69ee0000 - 0x6a098000 	C:\Windows\system32\d3d9.dll
0x59180000 - 0x59640000 	C:\Windows\SYSTEM32\igdumd32.dll
0x59e10000 - 0x59e48000 	C:\Program Files\Java\jdk1.8.0_192\jre\bin\glass.dll
0x75810000 - 0x75896000 	C:\Windows\system32\COMDLG32.dll
0x5e6d0000 - 0x5e84c000 	C:\Program Files\360\Total Security\safemon\safemon.dll
0x72370000 - 0x72382000 	C:\Windows\SYSTEM32\NETAPI32.dll
0x74940000 - 0x7494a000 	C:\Windows\SYSTEM32\netutils.dll
0x75250000 - 0x7526b000 	C:\Windows\SYSTEM32\srvcli.dll
0x72340000 - 0x72350000 	C:\Windows\SYSTEM32\wkscli.dll
0x74770000 - 0x74779000 	C:\Windows\SYSTEM32\kernel.appcore.dll
0x75380000 - 0x75389000 	C:\Windows\SYSTEM32\CRYPTBASE.dll
0x75320000 - 0x75374000 	C:\Windows\SYSTEM32\bcryptPrimitives.dll
0x5cf50000 - 0x5cf60000 	C:\Program Files\Java\jdk1.8.0_192\jre\bin\javafx_font.dll
0x73a90000 - 0x73c02000 	C:\Windows\SYSTEM32\dwrite.dll
0x76d90000 - 0x76e0d000 	C:\Windows\SYSTEM32\clbcatq.dll
0x72ba0000 - 0x72ced000 	C:\Windows\SYSTEM32\WindowsCodecs.dll
0x74e20000 - 0x74e38000 	C:\Windows\SYSTEM32\CRYPTSP.dll
0x74ab0000 - 0x74ae0000 	C:\Windows\system32\rsaenh.dll
0x74ff0000 - 0x7500f000 	C:\Windows\SYSTEM32\bcrypt.dll
0x61010000 - 0x61031000 	C:\Program Files\Common Files\Microsoft Shared\Ink\rtscom.dll
0x17210000 - 0x17217000 	C:\Program Files\Internet Download Manager\idmmkb.dll
0x61130000 - 0x6113f000 	C:\Program Files\Java\jdk1.8.0_192\jre\bin\prism_common.dll

VM Arguments:
jvm_args: -Xdebug -Xnoagent -Djava.compiler=NONE -Xrunjdwp:transport=dt_socket,address=localhost:49603,server=n,suspend=y -Dfile.encoding=UTF-8 
java_command: sample.Main
java_class_path (initial): C:\Users\user\IdeaProjects\FXML-example\out\production\FXML-example;C:\Users\user\IdeaProjects\FXML-example\out\artifacts\FXML_example_jar\FXML-example.jar
Launcher Type: SUN_STANDARD

Environment Variables:
PATH=C:\jet15.3-eval-x86\bin;C:\Program Files\Common Files\Oracle\Java\javapath;C:\ProgramData\Oracle\Java\javapath;C:\Windows\system32;C:\Windows;C:\Windows\System32\Wbem;C:\Windows\System32\WindowsPowerShell\v1.0\;C:\Program Files\Common Files\lenovo\easyplussdk\bin;C:\Program Files\Microsoft VS Code\bin;C:\Program Files\Java\jdk1.8.0_192\bin;C:\Users\user\Documents\XAMPP\php;C:\Users\user\AppData\Local\Programs\Python\Python37-32;C:\Program Files\Java\jdk1.8.0_192\jre\lib\ext;C:\Users\user\AppData\Local\Programs\Python\Python37-32\Scripts;C:\Program Files\Java\apache-maven-3.6.0\bin
USERNAME=user
OS=Windows_NT
PROCESSOR_IDENTIFIER=x86 Family 6 Model 15 Stepping 13, GenuineIntel



---------------  S Y S T E M  ---------------

OS: Windows 8.1 Build 9600 (6.3.9600.17031)

CPU:total 1 (initial active 1) (1 cores per cpu, 1 threads per core) family 6 model 15 stepping 13, cmov, cx8, fxsr, mmx, sse, sse2, sse3, ssse3, tsc

Memory: 4k page, physical 3072300k(1516648k free), swap 3596588k(1981768k free)

vm_info: Java HotSpot(TM) Client VM (25.192-b12) for windows-x86 JRE (1.8.0_192-b12), built on Oct  6 2018 16:11:13 by "java_re" with MS VC++ 10.0 (VS2010)

time: Sat Mar 16 15:05:10 2019
timezone: Pacific Daylight Time
elapsed time: 51 seconds (0d 0h 0m 51s)

